  ResourceLoader.cpp
c:\users\a-ono\source\repos\enhancedrtrenderingengine\enhancedrtrenderingengine\resource\resourceloader.cpp(26): warning C4244: '初期化中': 'std::streamoff' から 'int' への変換です。データが失われる可能性があります。
c:\users\a-ono\source\repos\enhancedrtrenderingengine\enhancedrtrenderingengine\resource\resourceloader.cpp(31): warning C4244: '初期化中': 'std::streamoff' から 'int' への変換です。データが失われる可能性があります。
c:\users\a-ono\source\repos\enhancedrtrenderingengine\enhancedrtrenderingengine\resource\resourceloader.cpp(92): warning C4477: 'sprintf_s' : 書式文字列 '%d' には、型 'int' の引数が必要ですが、可変個引数 4 は型 'png_size_t' です
  c:\users\a-ono\source\repos\enhancedrtrenderingengine\enhancedrtrenderingengine\resource\resourceloader.cpp(92): note: 書式文字列に '%zd' を使用することをお勧めします
c:\users\a-ono\source\repos\enhancedrtrenderingengine\enhancedrtrenderingengine\resource\resourceloader.cpp(153): warning C4715: 'ResourceLoader::LoadTexture': 値を返さないコントロール パスがあります。
ResourceLoader.obj : error LNK2019: 未解決の外部シンボル png_set_sig_bytes が関数 "int __cdecl ResourceLoader::LoadTexture(class std::basic_string<char,struct std::char_traits<char>,class std::allocator<char> >)" (?LoadTexture@ResourceLoader@@YAHV?$basic_string@DU?$char_traits@D@std@@V?$allocator@D@2@@std@@@Z) で参照されました。
ResourceLoader.obj : error LNK2019: 未解決の外部シンボル png_sig_cmp が関数 "int __cdecl ResourceLoader::LoadTexture(class std::basic_string<char,struct std::char_traits<char>,class std::allocator<char> >)" (?LoadTexture@ResourceLoader@@YAHV?$basic_string@DU?$char_traits@D@std@@V?$allocator@D@2@@std@@@Z) で参照されました。
ResourceLoader.obj : error LNK2019: 未解決の外部シンボル png_create_read_struct が関数 "int __cdecl ResourceLoader::LoadTexture(class std::basic_string<char,struct std::char_traits<char>,class std::allocator<char> >)" (?LoadTexture@ResourceLoader@@YAHV?$basic_string@DU?$char_traits@D@std@@V?$allocator@D@2@@std@@@Z) で参照されました。
ResourceLoader.obj : error LNK2019: 未解決の外部シンボル png_set_longjmp_fn が関数 "int __cdecl ResourceLoader::LoadTexture(class std::basic_string<char,struct std::char_traits<char>,class std::allocator<char> >)" (?LoadTexture@ResourceLoader@@YAHV?$basic_string@DU?$char_traits@D@std@@V?$allocator@D@2@@std@@@Z) で参照されました。
ResourceLoader.obj : error LNK2019: 未解決の外部シンボル png_create_info_struct が関数 "int __cdecl ResourceLoader::LoadTexture(class std::basic_string<char,struct std::char_traits<char>,class std::allocator<char> >)" (?LoadTexture@ResourceLoader@@YAHV?$basic_string@DU?$char_traits@D@std@@V?$allocator@D@2@@std@@@Z) で参照されました。
ResourceLoader.obj : error LNK2019: 未解決の外部シンボル png_read_info が関数 "int __cdecl ResourceLoader::LoadTexture(class std::basic_string<char,struct std::char_traits<char>,class std::allocator<char> >)" (?LoadTexture@ResourceLoader@@YAHV?$basic_string@DU?$char_traits@D@std@@V?$allocator@D@2@@std@@@Z) で参照されました。
ResourceLoader.obj : error LNK2019: 未解決の外部シンボル png_set_bgr が関数 "int __cdecl ResourceLoader::LoadTexture(class std::basic_string<char,struct std::char_traits<char>,class std::allocator<char> >)" (?LoadTexture@ResourceLoader@@YAHV?$basic_string@DU?$char_traits@D@std@@V?$allocator@D@2@@std@@@Z) で参照されました。
ResourceLoader.obj : error LNK2019: 未解決の外部シンボル png_read_row が関数 "int __cdecl ResourceLoader::LoadTexture(class std::basic_string<char,struct std::char_traits<char>,class std::allocator<char> >)" (?LoadTexture@ResourceLoader@@YAHV?$basic_string@DU?$char_traits@D@std@@V?$allocator@D@2@@std@@@Z) で参照されました。
ResourceLoader.obj : error LNK2019: 未解決の外部シンボル png_read_end が関数 "int __cdecl ResourceLoader::LoadTexture(class std::basic_string<char,struct std::char_traits<char>,class std::allocator<char> >)" (?LoadTexture@ResourceLoader@@YAHV?$basic_string@DU?$char_traits@D@std@@V?$allocator@D@2@@std@@@Z) で参照されました。
ResourceLoader.obj : error LNK2019: 未解決の外部シンボル png_destroy_read_struct が関数 "int __cdecl ResourceLoader::LoadTexture(class std::basic_string<char,struct std::char_traits<char>,class std::allocator<char> >)" (?LoadTexture@ResourceLoader@@YAHV?$basic_string@DU?$char_traits@D@std@@V?$allocator@D@2@@std@@@Z) で参照されました。
ResourceLoader.obj : error LNK2019: 未解決の外部シンボル png_init_io が関数 "int __cdecl ResourceLoader::LoadTexture(class std::basic_string<char,struct std::char_traits<char>,class std::allocator<char> >)" (?LoadTexture@ResourceLoader@@YAHV?$basic_string@DU?$char_traits@D@std@@V?$allocator@D@2@@std@@@Z) で参照されました。
C:\Users\a-ono\source\repos\EnhancedRTRenderingEngine\EnhancedRTRenderingEngine\ThirdParty\libpng\zlib.lib : warning LNK4272: ライブラリのコンピューターの種類 'x86' がターゲットのコンピューターの種類' x64' と競合しています
C:\Users\a-ono\source\repos\EnhancedRTRenderingEngine\EnhancedRTRenderingEngine\ThirdParty\libpng\libpng16.lib : warning LNK4272: ライブラリのコンピューターの種類 'x86' がターゲットのコンピューターの種類' x64' と競合しています
C:\Users\a-ono\source\repos\EnhancedRTRenderingEngine\x64\Debug\EnhancedRTRenderingEngine.exe : fatal error LNK1120: 11 件の未解決の外部参照
